[18:30:46] [main/INFO] (FabricLoader/GameProvider) Loading Minecraft 1.20.2 with Fabric Loader 0.15.7
[18:30:46] [main/INFO] (FabricLoader) Loading 56 mods:
	- fabric-api 0.91.6+1.20.2
	- fabric-api-base 0.4.33+fce67b32a0
	- fabric-api-lookup-api-v1 1.6.43+b1792f7da0
	- fabric-biome-api-v1 13.0.14+b1792f7da0
	- fabric-block-api-v1 1.0.12+73761d2ea0
	- fabric-block-view-api-v2 1.0.1+73761d2ea0
	- fabric-blockrenderlayer-v1 1.1.43+f4b7e424a0
	- fabric-client-tags-api-v1 1.1.4+86b12645a0
	- fabric-command-api-v1 1.2.37+f71b366fa0
	- fabric-command-api-v2 2.2.16+b1792f7da0
	- fabric-commands-v0 0.2.54+df3654b3a0
	- fabric-containers-v0 0.1.81+df3654b3a0
	- fabric-content-registries-v0 5.0.6+b1792f7da0
	- fabric-convention-tags-v1 1.5.8+b1792f7da0
	- fabric-crash-report-info-v1 0.2.20+f4b7e424a0
	- fabric-data-generation-api-v1 13.1.11+b1792f7da0
	- fabric-dimensions-v1 2.1.57+b1792f7da0
	- fabric-entity-events-v1 1.5.26+b1792f7da0
	- fabric-events-interaction-v0 0.6.10+b1792f7da0
	- fabric-events-lifecycle-v0 0.2.70+df3654b3a0
	- fabric-game-rule-api-v1 1.0.42+a44e16a6a0
	- fabric-gametest-api-v1 1.2.16+b1792f7da0
	- fabric-item-api-v1 2.1.33+b1792f7da0
	- fabric-item-group-api-v1 4.0.15+e3d2bf3fa0
	- fabric-key-binding-api-v1 1.0.38+f4b7e424a0
	- fabric-keybindings-v0 0.2.36+df3654b3a0
	- fabric-lifecycle-events-v1 2.2.28+c8b10480a0
	- fabric-loot-api-v2 2.1.1+3ba460fba0
	- fabric-message-api-v1 6.0.2+e3d2bf3fa0
	- fabric-mining-level-api-v1 2.1.56+f4b7e424a0
	- fabric-model-loading-api-v1 1.0.6+b1792f7da0
	- fabric-models-v0 0.4.5+9386d8a7a0
	- fabric-networking-api-v1 3.1.5+f4be560ba0
	- fabric-object-builder-api-v1 12.1.2+2ff98d3ba0
	- fabric-particles-v1 1.1.4+f4b7e424a0
	- fabric-recipe-api-v1 2.0.14+52b3ebe5a0
	- fabric-registry-sync-v0 4.0.12+b1792f7da0
	- fabric-renderer-api-v1 3.2.1+2034447ca0
	- fabric-renderer-indigo 1.5.1+2034447ca0
	- fabric-renderer-registries-v1 3.2.49+df3654b3a0
	- fabric-rendering-data-attachment-v1 0.3.39+73761d2ea0
	- fabric-rendering-fluids-v1 3.0.30+f4b7e424a0
	- fabric-rendering-v0 1.1.52+df3654b3a0
	- fabric-rendering-v1 3.0.11+b1792f7da0
	- fabric-resource-conditions-api-v1 2.3.11+239dafd8a0
	- fabric-resource-loader-v0 0.11.12+b1792f7da0
	- fabric-screen-api-v1 2.0.12+b1792f7da0
	- fabric-screen-handler-api-v1 1.3.47+b1792f7da0
	- fabric-sound-api-v1 1.0.14+f4b7e424a0
	- fabric-transfer-api-v1 3.3.13+4944b5a5a0
	- fabric-transitive-access-wideners-v1 5.0.3+fce67b32a0
	- fabricloader 0.15.7
	- java 17
	- minecraft 1.20.2
	- mixinextras 0.3.5
	- verycoolmod 1.0-1.20.1
[18:30:46] [main/INFO] (FabricLoader/Mixin) SpongePowered MIXIN Subsystem Version=0.8.5 Source=file:/C:/Users/LeSha/.gradle/caches/modules-2/files-2.1/net.fabricmc/sponge-mixin/0.12.5+mixin.0.8.5/8d31fb97c3e0cd7c8dad3441851c523bcfae6d8e/sponge-mixin-0.12.5+mixin.0.8.5.jar Service=Knot/Fabric Env=CLIENT
[18:30:46] [main/INFO] (FabricLoader/Mixin) Loaded Fabric development mappings for mixin remapper!
[18:30:46] [main/INFO] (FabricLoader/Mixin) Compatibility level set to JAVA_16
[18:30:46] [main/INFO] (FabricLoader/Mixin) Compatibility level set to JAVA_17
[18:30:48] [main/INFO] (FabricLoader/MixinExtras|Service) Initializing MixinExtras via com.llamalad7.mixinextras.service.MixinExtrasServiceImpl(version=0.3.5).
[18:30:53] [Datafixer Bootstrap/INFO] (Minecraft) 192 Datafixer optimizations took 146 milliseconds
[18:30:55] [Render thread/INFO] (Minecraft) Environment: Environment[accountsHost=https://api.mojang.com, sessionHost=https://sessionserver.mojang.com, servicesHost=https://api.minecraftservices.com, name=PROD]
[18:30:56] [Render thread/ERROR] (Minecraft) Failed to verify authentication
com.mojang.authlib.exceptions.InvalidCredentialsException: Status: 401
	at com.mojang.authlib.exceptions.MinecraftClientHttpException.toAuthenticationException(MinecraftClientHttpException.java:59) ~[authlib-5.0.47.jar:?]
	at com.mojang.authlib.yggdrasil.YggdrasilUserApiService.fetchProperties(YggdrasilUserApiService.java:159) ~[authlib-5.0.47.jar:?]
	at com.mojang.authlib.yggdrasil.YggdrasilUserApiService.<init>(YggdrasilUserApiService.java:53) ~[authlib-5.0.47.jar:?]
	at com.mojang.authlib.yggdrasil.YggdrasilAuthenticationService.createUserApiService(YggdrasilAuthenticationService.java:55) ~[authlib-5.0.47.jar:?]
	at net.minecraft.client.MinecraftClient.createUserApiService(MinecraftClient.java:787) ~[minecraft-merged-1f338b2c9f-1.20.2-net.fabricmc.yarn.1_20_2.1.20.2+build.4-v2.jar:?]
	at net.minecraft.client.MinecraftClient.<init>(MinecraftClient.java:451) ~[minecraft-merged-1f338b2c9f-1.20.2-net.fabricmc.yarn.1_20_2.1.20.2+build.4-v2.jar:?]
	at net.minecraft.client.main.Main.main(Main.java:214) ~[minecraft-merged-1f338b2c9f-1.20.2-net.fabricmc.yarn.1_20_2.1.20.2+build.4-v2.jar:?]
	at net.fabricmc.loader.impl.game.minecraft.MinecraftGameProvider.launch(MinecraftGameProvider.java:470) ~[fabric-loader-0.15.7.jar:?]
	at net.fabricmc.loader.impl.launch.knot.Knot.launch(Knot.java:74) ~[fabric-loader-0.15.7.jar:?]
	at net.fabricmc.loader.impl.launch.knot.KnotClient.main(KnotClient.java:23) ~[fabric-loader-0.15.7.jar:?]
	at net.fabricmc.devlaunchinjector.Main.main(Main.java:86) ~[dev-launch-injector-0.2.1+build.8.jar:?]
Caused by: com.mojang.authlib.exceptions.MinecraftClientHttpException: Status: 401
	at com.mojang.authlib.minecraft.client.MinecraftClient.readInputStream(MinecraftClient.java:100) ~[authlib-5.0.47.jar:?]
	at com.mojang.authlib.minecraft.client.MinecraftClient.get(MinecraftClient.java:57) ~[authlib-5.0.47.jar:?]
	at com.mojang.authlib.yggdrasil.YggdrasilUserApiService.fetchProperties(YggdrasilUserApiService.java:130) ~[authlib-5.0.47.jar:?]
	... 9 more
[18:30:56] [Render thread/INFO] (Minecraft) Setting user: Player627
[18:30:56] [Render thread/INFO] (fabric-networking-api-v1) Force Packet Serialization is enabled to mimic remote connection on single player, this is the default behaviour on dev env. Add -Dfabric-api.networking.force-packet-serialization=false JVM arg to disable it.
[18:30:56] [Render thread/INFO] (Indigo) [Indigo] Registering Indigo renderer!
[18:30:57] [Render thread/INFO] (Minecraft) Backend library: LWJGL version 3.3.2-snapshot
[18:30:57] [Render thread/WARN] (Minecraft) Removed resource pack Fabric Mods from options because it doesn't seem to exist anymore
[18:30:58] [Render thread/INFO] (Minecraft) Reloading ResourceManager: vanilla, fabric (fabric-events-interaction-v0, fabric-renderer-indigo, fabric-command-api-v1, fabric-dimensions-v1, fabric-mining-level-api-v1, fabric-block-api-v1, fabric-command-api-v2, fabric-data-generation-api-v1, fabric-lifecycle-events-v1, fabric-resource-loader-v0, fabric-object-builder-api-v1, fabric-rendering-v1, fabric-transitive-access-wideners-v1, fabric-particles-v1, fabric-biome-api-v1, fabric-models-v0, fabric-game-rule-api-v1, fabric-blockrenderlayer-v1, fabric-item-api-v1, fabric-registry-sync-v0, fabric-message-api-v1, fabric-content-registries-v0, fabric-block-view-api-v2, fabric-sound-api-v1, fabricloader, fabric-model-loading-api-v1, fabric-rendering-data-attachment-v1, fabric-rendering-v0, verycoolmod, fabric-renderer-registries-v1, fabric-api-lookup-api-v1, fabric-networking-api-v1, fabric-commands-v0, fabric-convention-tags-v1, fabric-events-lifecycle-v0, fabric-api-base, fabric-transfer-api-v1, fabric-client-tags-api-v1, fabric-recipe-api-v1, fabric-key-binding-api-v1, fabric-item-group-api-v1, fabric-screen-api-v1, fabric-containers-v0, fabric-gametest-api-v1, fabric-screen-handler-api-v1, fabric-resource-conditions-api-v1, fabric-entity-events-v1, fabric-crash-report-info-v1, fabric-keybindings-v0, fabric-api, fabric-renderer-api-v1, fabric-loot-api-v2, fabric-rendering-fluids-v1)
[18:30:58] [Worker-Main-2/INFO] (Minecraft) Found unifont_all_no_pua-15.0.06.hex, loading
[18:30:59] [Worker-Main-4/WARN] (Minecraft) Missing textures in model verycoolmod:test_block#:
    minecraft:textures/atlas/blocks.png:verycoolmod:block/test_block
[18:30:59] [Worker-Main-4/WARN] (Minecraft) Missing textures in model verycoolmod:test_block#inventory:
    minecraft:textures/atlas/blocks.png:verycoolmod:block/test_block
[18:30:59] [Render thread/WARN] (Minecraft) Missing sound for event: minecraft:item.goat_horn.play
[18:30:59] [Render thread/WARN] (Minecraft) Missing sound for event: minecraft:entity.goat.screaming.horn_break
[18:31:00] [Render thread/INFO] (Minecraft) OpenAL initialized on device OpenAL Soft on tEmPhOnes (Realtek High Definition Audio)
[18:31:00] [Render thread/INFO] (Minecraft) Sound engine started
[18:31:00] [Render thread/INFO] (Minecraft) Created: 1024x512x4 minecraft:textures/atlas/blocks.png-atlas
[18:31:00] [Render thread/INFO] (Minecraft) Created: 256x256x4 minecraft:textures/atlas/signs.png-atlas
[18:31:00] [Render thread/INFO] (Minecraft) Created: 512x512x4 minecraft:textures/atlas/banner_patterns.png-atlas
[18:31:00] [Render thread/INFO] (Minecraft) Created: 512x512x4 minecraft:textures/atlas/shield_patterns.png-atlas
[18:31:00] [Render thread/INFO] (Minecraft) Created: 1024x1024x4 minecraft:textures/atlas/armor_trims.png-atlas
[18:31:00] [Render thread/INFO] (Minecraft) Created: 256x256x4 minecraft:textures/atlas/chest.png-atlas
[18:31:00] [Render thread/INFO] (Minecraft) Created: 128x64x4 minecraft:textures/atlas/decorated_pot.png-atlas
[18:31:00] [Render thread/INFO] (Minecraft) Created: 512x256x4 minecraft:textures/atlas/beds.png-atlas
[18:31:00] [Render thread/INFO] (Minecraft) Created: 512x256x4 minecraft:textures/atlas/shulker_boxes.png-atlas
[18:31:00] [Render thread/WARN] (Minecraft) Shader rendertype_entity_translucent_emissive could not find sampler named Sampler2 in the specified shader program.
[18:31:00] [Render thread/INFO] (Minecraft) Created: 256x256x0 minecraft:textures/atlas/particles.png-atlas
[18:31:00] [Render thread/INFO] (Minecraft) Created: 256x256x0 minecraft:textures/atlas/paintings.png-atlas
[18:31:00] [Render thread/INFO] (Minecraft) Created: 128x128x0 minecraft:textures/atlas/mob_effects.png-atlas
[18:31:00] [Render thread/INFO] (Minecraft) Created: 1024x512x0 minecraft:textures/atlas/gui.png-atlas
[18:31:00] [IO-Worker-1/INFO] (Minecraft) Could not authorize you against Realms server: Invalid session id
[18:31:00] [IO-Worker-1/ERROR] (Minecraft) Couldn't connect to realms
net.minecraft.client.realms.exception.RealmsServiceException: Realms authentication error with message 'Invalid session id'
	at net.minecraft.client.realms.RealmsClient.execute(RealmsClient.java:432) ~[minecraft-merged-1f338b2c9f-1.20.2-net.fabricmc.yarn.1_20_2.1.20.2+build.4-v2.jar:?]
	at net.minecraft.client.realms.RealmsClient.clientCompatible(RealmsClient.java:218) ~[minecraft-merged-1f338b2c9f-1.20.2-net.fabricmc.yarn.1_20_2.1.20.2+build.4-v2.jar:?]
	at net.minecraft.client.realms.RealmsAvailability.method_52627(RealmsAvailability.java:45) ~[minecraft-merged-1f338b2c9f-1.20.2-net.fabricmc.yarn.1_20_2.1.20.2+build.4-v2.jar:?]
	at java.util.concurrent.CompletableFuture$AsyncSupply.run(CompletableFuture.java:1768) ~[?:?]
	at java.util.concurrent.ThreadPoolExecutor.runWorker(ThreadPoolExecutor.java:1136) ~[?:?]
	at java.util.concurrent.ThreadPoolExecutor$Worker.run(ThreadPoolExecutor.java:635) ~[?:?]
	at java.lang.Thread.run(Thread.java:840) ~[?:?]
[18:31:07] [Worker-Main-3/ERROR] (Minecraft) Couldn't parse data file minecraft:entities/bee from minecraft:loot_tables/entities/bee.json
com.google.gson.JsonParseException: com.google.gson.stream.MalformedJsonException: Expected name at line 4 column 2 path $.type
	at net.minecraft.util.JsonHelper.deserializeNullable(JsonHelper.java:529) ~[minecraft-merged-1f338b2c9f-1.20.2-net.fabricmc.yarn.1_20_2.1.20.2+build.4-v2.jar:?]
	at net.minecraft.util.JsonHelper.deserialize(JsonHelper.java:534) ~[minecraft-merged-1f338b2c9f-1.20.2-net.fabricmc.yarn.1_20_2.1.20.2+build.4-v2.jar:?]
	at net.minecraft.util.JsonHelper.deserialize(JsonHelper.java:584) ~[minecraft-merged-1f338b2c9f-1.20.2-net.fabricmc.yarn.1_20_2.1.20.2+build.4-v2.jar:?]
	at net.minecraft.resource.JsonDataLoader.load(JsonDataLoader.java:44) ~[minecraft-merged-1f338b2c9f-1.20.2-net.fabricmc.yarn.1_20_2.1.20.2+build.4-v2.jar:?]
	at net.minecraft.loot.LootManager.method_51189(LootManager.java:49) ~[minecraft-merged-1f338b2c9f-1.20.2-net.fabricmc.yarn.1_20_2.1.20.2+build.4-v2.jar:?]
	at java.util.concurrent.CompletableFuture$AsyncRun.run(CompletableFuture.java:1804) ~[?:?]
	at java.util.concurrent.CompletableFuture$AsyncRun.exec(CompletableFuture.java:1796) ~[?:?]
	at java.util.concurrent.ForkJoinTask.doExec(ForkJoinTask.java:373) ~[?:?]
	at java.util.concurrent.ForkJoinPool$WorkQueue.topLevelExec(ForkJoinPool.java:1182) ~[?:?]
	at java.util.concurrent.ForkJoinPool.scan(ForkJoinPool.java:1655) ~[?:?]
	at java.util.concurrent.ForkJoinPool.runWorker(ForkJoinPool.java:1622) ~[?:?]
	at java.util.concurrent.ForkJoinWorkerThread.run(ForkJoinWorkerThread.java:165) ~[?:?]
Caused by: com.google.gson.stream.MalformedJsonException: Expected name at line 4 column 2 path $.type
	at com.google.gson.stream.JsonReader.syntaxError(JsonReader.java:1659) ~[gson-2.10.1.jar:?]
	at com.google.gson.stream.JsonReader.doPeek(JsonReader.java:514) ~[gson-2.10.1.jar:?]
	at com.google.gson.stream.JsonReader.hasNext(JsonReader.java:422) ~[gson-2.10.1.jar:?]
	at com.google.gson.internal.bind.TypeAdapters$28.read(TypeAdapters.java:779) ~[gson-2.10.1.jar:?]
	at com.google.gson.internal.bind.TypeAdapters$28.read(TypeAdapters.java:725) ~[gson-2.10.1.jar:?]
	at com.google.gson.internal.bind.TypeAdapters$34$1.read(TypeAdapters.java:1007) ~[gson-2.10.1.jar:?]
	at net.minecraft.util.JsonHelper.deserializeNullable(JsonHelper.java:527) ~[minecraft-merged-1f338b2c9f-1.20.2-net.fabricmc.yarn.1_20_2.1.20.2+build.4-v2.jar:?]
	... 11 more
[18:31:07] [Worker-Main-3/ERROR] (Minecraft) Couldn't parse element loot_tables:minecraft:entities/enderman - Unknown registry key in ResourceKey[minecraft:root / minecraft:item]: verycoolmod:large_endermeat
[18:31:08] [Render thread/INFO] (Minecraft) Loaded 7 recipes
[18:31:08] [Render thread/INFO] (Minecraft) Loaded 1271 advancements
[18:31:08] [Render thread/INFO] (BiomeModificationImpl) Applied 0 biome modifications to 0 of 64 new biomes in 2.400 ms
[18:31:08] [Server thread/INFO] (Minecraft) Starting integrated minecraft server version 1.20.2
[18:31:08] [Server thread/INFO] (Minecraft) Generating keypair
[18:31:09] [Server thread/INFO] (Minecraft) Preparing start region for dimension minecraft:overworld
[18:31:12] [Render thread/INFO] (Minecraft) Preparing spawn area: 0%
[18:31:12] [Render thread/INFO] (Minecraft) Preparing spawn area: 0%
[18:31:12] [Render thread/INFO] (Minecraft) Preparing spawn area: 0%
[18:31:12] [Render thread/INFO] (Minecraft) Preparing spawn area: 0%
[18:31:12] [Render thread/INFO] (Minecraft) Preparing spawn area: 0%
[18:31:12] [Render thread/INFO] (Minecraft) Preparing spawn area: 0%
[18:31:12] [Render thread/INFO] (Minecraft) Preparing spawn area: 9%
[18:31:13] [Render thread/INFO] (Minecraft) Time elapsed: 3529 ms
[18:31:13] [Server thread/INFO] (Minecraft) Changing view distance to 12, from 10
[18:31:13] [Server thread/INFO] (Minecraft) Changing simulation distance to 12, from 0
[18:31:14] [Server thread/INFO] (Minecraft) Player627[local:E:539a9d0f] logged in with entity id 305 at (-252.8848762061016, 66.0, -47.0778206217221)
[18:31:14] [Server thread/INFO] (Minecraft) Player627 joined the game
[18:31:15] [Render thread/INFO] (Minecraft) Loaded 3 advancements
[18:31:16] [Server thread/INFO] (Minecraft) Saving and pausing game...
[18:31:16] [Server thread/INFO] (Minecraft) Saving chunks for level 'ServerLevel[New World]'/minecraft:overworld
[18:31:16] [Server thread/INFO] (Minecraft) Saving chunks for level 'ServerLevel[New World]'/minecraft:the_nether
[18:31:16] [Server thread/INFO] (Minecraft) Saving chunks for level 'ServerLevel[New World]'/minecraft:the_end
[18:31:56] [Server thread/INFO] (Minecraft) Saving and pausing game...
[18:31:56] [Server thread/INFO] (Minecraft) Saving chunks for level 'ServerLevel[New World]'/minecraft:overworld
[18:31:56] [Server thread/INFO] (Minecraft) Saving chunks for level 'ServerLevel[New World]'/minecraft:the_nether
[18:31:56] [Server thread/INFO] (Minecraft) Saving chunks for level 'ServerLevel[New World]'/minecraft:the_end
[18:31:56] [Server thread/INFO] (Minecraft) Player627 lost connection: Disconnected
[18:31:56] [Server thread/INFO] (Minecraft) Player627 left the game
[18:31:56] [Server thread/INFO] (Minecraft) Stopping singleplayer server as player logged out
[18:31:56] [Server thread/INFO] (Minecraft) Stopping server
[18:31:56] [Server thread/INFO] (Minecraft) Saving players
[18:31:56] [Server thread/INFO] (Minecraft) Saving worlds
[18:31:56] [Server thread/INFO] (Minecraft) Saving chunks for level 'ServerLevel[New World]'/minecraft:overworld
[18:31:59] [Server thread/INFO] (Minecraft) Saving chunks for level 'ServerLevel[New World]'/minecraft:the_nether
[18:31:59] [Server thread/INFO] (Minecraft) Saving chunks for level 'ServerLevel[New World]'/minecraft:the_end
[18:31:59] [Server thread/INFO] (Minecraft) ThreadedAnvilChunkStorage (New World): All chunks are saved
[18:31:59] [Server thread/INFO] (Minecraft) ThreadedAnvilChunkStorage (DIM-1): All chunks are saved
[18:31:59] [Server thread/INFO] (Minecraft) ThreadedAnvilChunkStorage (DIM1): All chunks are saved
[18:31:59] [Server thread/INFO] (Minecraft) ThreadedAnvilChunkStorage: All dimensions are saved
[18:32:00] [Render thread/INFO] (Minecraft) Stopping!
